<?xml version="1.0"?>
<smooks-resource-list xmlns="http://www.milyn.org/xsd/smooks-1.1.xsd" default-selector-namespace="http://www.milyn.org/xsd/smooks/test-xsd-01.xsd">

    <import file="02-configs.xml" />

</smooks-resource-list>