<?xml version="1.0"?>
<smooks-resource-list xmlns="http://www.milyn.org/xsd/smooks-1.0.xsd">

    <resource-config selector="global-parameters">
        <param name="stream.filter.type">SAX</param>
    </resource-config>

    <resource-config selector="a">
        <resource>org.milyn.delivery.SAXAndDOMVisitor</resource>
        <condition evaluator="org.milyn.delivery.condition.TestExecutionContextConditionEvaluator">true</condition>
    </resource-config>

</smooks-resource-list>