<?xml version="1.0"?>
<smooks-resource-list xmlns="http://www.milyn.org/xsd/smooks-1.1.xsd" default-selector-namespace="http://www.milyn.org/xsd/smooks/test-xsd-03.xsd">

    <!-- Should cause an error because conditions are not allowed in extension configs -->
    <conditions>
        <condition>true</condition>
    </conditions>

    <import file="02-configs.xml" />

</smooks-resource-list>