<?xml version="1.0" encoding="UTF-8" ?>
<testsuite failures="0" time="1.198" errors="0" skipped="0" tests="1" name="example.CSVtoJavaTest">
  <properties>
    <property name="java.runtime.name" value="Java(TM) SE Runtime Environment"/>
    <property name="sun.boot.library.path" value="C:\java\jdk1.6.0_16\jre\bin"/>
    <property name="java.vm.version" value="14.2-b01"/>
    <property name="java.vm.vendor" value="Sun Microsystems Inc."/>
    <property name="java.vendor.url" value="http://java.sun.com/"/>
    <property name="path.separator" value=";"/>
    <property name="java.vm.name" value="Java HotSpot(TM) Client VM"/>
    <property name="file.encoding.pkg" value="sun.io"/>
    <property name="user.country" value="DE"/>
    <property name="sun.java.launcher" value="SUN_STANDARD"/>
    <property name="sun.os.patch.level" value="Service Pack 2"/>
    <property name="java.vm.specification.name" value="Java Virtual Machine Specification"/>
    <property name="user.dir" value="F:\Workspace\workspace.smooks\milyn\smooks-examples\csv-to-java"/>
    <property name="java.runtime.version" value="1.6.0_16-b01"/>
    <property name="java.awt.graphicsenv" value="sun.awt.Win32GraphicsEnvironment"/>
    <property name="basedir" value="F:\Workspace\workspace.smooks\milyn\smooks-examples\csv-to-java"/>
    <property name="java.endorsed.dirs" value="C:\java\jdk1.6.0_16\jre\lib\endorsed"/>
    <property name="os.arch" value="x86"/>
    <property name="surefire.real.class.path" value="C:\Users\MAURIC~1\AppData\Local\Temp\surefirebooter6569360330349381044.jar"/>
    <property name="java.io.tmpdir" value="C:\Users\MAURIC~1\AppData\Local\Temp\"/>
    <property name="line.separator" value="
"/>
    <property name="java.vm.specification.vendor" value="Sun Microsystems Inc."/>
    <property name="user.variant" value=""/>
    <property name="os.name" value="Windows Vista"/>
    <property name="sun.jnu.encoding" value="Cp1252"/>
    <property name="java.library.path" value="C:\java\jdk1.6.0_16\jre\bin;.;C:\Windows\Sun\Java\bin;C:\Windows\system32;C:\Windows;C:/java/jdk1.6.0_16/bin/../jre/bin/client;C:/java/jdk1.6.0_16/bin/../jre/bin;C:\java\jdk1.6.0_16/bin;F:\Application\Ant\apache-ant-1.7.0/bin;F:\Application\Maven\maven-2.2.1/bin;C:\Windows\system32;C:\Windows;C:\Windows\System32\Wbem;C:\Windows\System32\WindowsPowerShell\v1.0\;C:\Tools\WinSCP\;F:\Application\Jad;C:\Tools\TortoiseSVN\bin;C:\Tools\OpenVPN\bin"/>
    <property name="surefire.test.class.path" value="F:\Workspace\workspace.smooks\milyn\smooks-examples\csv-to-java\target\test-classes;F:\Workspace\workspace.smooks\milyn\smooks-examples\csv-to-java\target\classes;F:\Workspace\workspace.smooks\milyn\smooks-cartridges\csv\target\milyn-smooks-csv-1.3-SNAPSHOT.jar;F:\Lib\mvn-repository\net\sf\opencsv\opencsv\1.8\opencsv-1.8.jar;F:\Workspace\workspace.smooks\milyn\smooks-cartridges\javabean\target\milyn-smooks-javabean-1.3-SNAPSHOT.jar;F:\Workspace\workspace.smooks\milyn\smooks-core\target\milyn-smooks-core-1.3-SNAPSHOT.jar;F:\Workspace\workspace.smooks\milyn\commons\target\milyn-commons-1.3-SNAPSHOT.jar;F:\Lib\mvn-repository\org\freemarker\freemarker\2.3.11\freemarker-2.3.11.jar;F:\Lib\mvn-repository\javassist\javassist\3.10.0.GA\javassist-3.10.0.GA.jar;F:\Lib\mvn-repository\commons-lang\commons-lang\2.1\commons-lang-2.1.jar;F:\Lib\mvn-repository\commons-logging\commons-logging\1.1\commons-logging-1.1.jar;F:\Lib\mvn-repository\log4j\log4j\1.2.14\log4j-1.2.14.jar;F:\Lib\mvn-repository\com\thoughtworks\xstream\xstream\1.2.2\xstream-1.2.2.jar;F:\Lib\mvn-repository\xpp3\xpp3_min\1.1.3.4.O\xpp3_min-1.1.3.4.O.jar;F:\Lib\mvn-repository\org\mvel\mvel2\2.0.13\mvel2-2.0.13.jar;F:\Workspace\workspace.smooks\milyn\testres\target\testres-1.3-SNAPSHOT.jar;F:\Lib\mvn-repository\junit\junit\4.4\junit-4.4.jar;"/>
    <property name="java.specification.name" value="Java Platform API Specification"/>
    <property name="java.class.version" value="50.0"/>
    <property name="sun.management.compiler" value="HotSpot Client Compiler"/>
    <property name="os.version" value="6.0"/>
    <property name="user.home" value="C:\Users\maurice_zeijen"/>
    <property name="user.timezone" value="Europe/Berlin"/>
    <property name="java.awt.printerjob" value="sun.awt.windows.WPrinterJob"/>
    <property name="java.specification.version" value="1.6"/>
    <property name="file.encoding" value="Cp1252"/>
    <property name="user.name" value="maurice_zeijen"/>
    <property name="java.class.path" value="F:\Workspace\workspace.smooks\milyn\smooks-examples\csv-to-java\target\test-classes;F:\Workspace\workspace.smooks\milyn\smooks-examples\csv-to-java\target\classes;F:\Workspace\workspace.smooks\milyn\smooks-cartridges\csv\target\milyn-smooks-csv-1.3-SNAPSHOT.jar;F:\Lib\mvn-repository\net\sf\opencsv\opencsv\1.8\opencsv-1.8.jar;F:\Workspace\workspace.smooks\milyn\smooks-cartridges\javabean\target\milyn-smooks-javabean-1.3-SNAPSHOT.jar;F:\Workspace\workspace.smooks\milyn\smooks-core\target\milyn-smooks-core-1.3-SNAPSHOT.jar;F:\Workspace\workspace.smooks\milyn\commons\target\milyn-commons-1.3-SNAPSHOT.jar;F:\Lib\mvn-repository\org\freemarker\freemarker\2.3.11\freemarker-2.3.11.jar;F:\Lib\mvn-repository\javassist\javassist\3.10.0.GA\javassist-3.10.0.GA.jar;F:\Lib\mvn-repository\commons-lang\commons-lang\2.1\commons-lang-2.1.jar;F:\Lib\mvn-repository\commons-logging\commons-logging\1.1\commons-logging-1.1.jar;F:\Lib\mvn-repository\log4j\log4j\1.2.14\log4j-1.2.14.jar;F:\Lib\mvn-repository\com\thoughtworks\xstream\xstream\1.2.2\xstream-1.2.2.jar;F:\Lib\mvn-repository\xpp3\xpp3_min\1.1.3.4.O\xpp3_min-1.1.3.4.O.jar;F:\Lib\mvn-repository\org\mvel\mvel2\2.0.13\mvel2-2.0.13.jar;F:\Workspace\workspace.smooks\milyn\testres\target\testres-1.3-SNAPSHOT.jar;F:\Lib\mvn-repository\junit\junit\4.4\junit-4.4.jar;"/>
    <property name="java.vm.specification.version" value="1.0"/>
    <property name="sun.arch.data.model" value="32"/>
    <property name="java.home" value="C:\java\jdk1.6.0_16\jre"/>
    <property name="java.specification.vendor" value="Sun Microsystems Inc."/>
    <property name="user.language" value="de"/>
    <property name="awt.toolkit" value="sun.awt.windows.WToolkit"/>
    <property name="java.vm.info" value="mixed mode, sharing"/>
    <property name="java.version" value="1.6.0_16"/>
    <property name="java.ext.dirs" value="C:\java\jdk1.6.0_16\jre\lib\ext;C:\Windows\Sun\Java\lib\ext"/>
    <property name="sun.boot.class.path" value="C:\java\jdk1.6.0_16\jre\lib\resources.jar;C:\java\jdk1.6.0_16\jre\lib\rt.jar;C:\java\jdk1.6.0_16\jre\lib\sunrsasign.jar;C:\java\jdk1.6.0_16\jre\lib\jsse.jar;C:\java\jdk1.6.0_16\jre\lib\jce.jar;C:\java\jdk1.6.0_16\jre\lib\charsets.jar;C:\java\jdk1.6.0_16\jre\classes"/>
    <property name="java.vendor" value="Sun Microsystems Inc."/>
    <property name="localRepository" value="F:\Lib\mvn-repository"/>
    <property name="file.separator" value="\"/>
    <property name="java.vendor.url.bug" value="http://java.sun.com/cgi-bin/bugreport.cgi"/>
    <property name="sun.cpu.endian" value="little"/>
    <property name="sun.io.unicode.encoding" value="UnicodeLittle"/>
    <property name="sun.desktop" value="windows"/>
    <property name="sun.cpu.isalist" value="pentium_pro+mmx pentium_pro pentium+mmx pentium i486 i386 i86"/>
  </properties>
  <testcase time="1.185" classname="example.CSVtoJavaTest" name="test"/>
</testsuite>