<html>
    <body>
        <i>Hi there!</i>
    </body>
</html>