<html>
    <body>
        <i style="color: red">Hi there!</i>
    </body>
</html>